Created by PLY version 3.11 (http://www.dabeaz.com/ply)

Grammar

Rule 0     S' -> expression
Rule 1     expression -> VAR
Rule 2     expression -> NEG expression
Rule 3     expression -> expression AND expression
Rule 4     expression -> expression OR expression
Rule 5     expression -> expression IMPLI expression
Rule 6     expression -> expression EQUIV expression
Rule 7     expression -> TRUE
Rule 8     expression -> FALSE
Rule 9     expression -> ( expression )

Terminals, with rules where they appear

(                    : 9
)                    : 9
AND                  : 3
EQUIV                : 6
FALSE                : 8
IMPLI                : 5
NEG                  : 2
OR                   : 4
TRUE                 : 7
VAR                  : 1
error                : 

Nonterminals, with rules where they appear

expression           : 2 3 3 4 4 5 5 6 6 9 0

Parsing method: LALR

state 0

    (0) S' -> . expression
    (1) expression -> . VAR
    (2) expression -> . NEG expression
    (3) expression -> . expression AND expression
    (4) expression -> . expression OR expression
    (5) expression -> . expression IMPLI expression
    (6) expression -> . expression EQUIV expression
    (7) expression -> . TRUE
    (8) expression -> . FALSE
    (9) expression -> . ( expression )

    VAR             shift and go to state 2
    NEG             shift and go to state 3
    TRUE            shift and go to state 4
    FALSE           shift and go to state 5
    (               shift and go to state 6

    expression                     shift and go to state 1

state 1

    (0) S' -> expression .
    (3) expression -> expression . AND expression
    (4) expression -> expression . OR expression
    (5) expression -> expression . IMPLI expression
    (6) expression -> expression . EQUIV expression

    AND             shift and go to state 7
    OR              shift and go to state 8
    IMPLI           shift and go to state 9
    EQUIV           shift and go to state 10


state 2

    (1) expression -> VAR .

    AND             reduce using rule 1 (expression -> VAR .)
    OR              reduce using rule 1 (expression -> VAR .)
    IMPLI           reduce using rule 1 (expression -> VAR .)
    EQUIV           reduce using rule 1 (expression -> VAR .)
    $end            reduce using rule 1 (expression -> VAR .)
    )               reduce using rule 1 (expression -> VAR .)


state 3

    (2) expression -> NEG . expression
    (1) expression -> . VAR
    (2) expression -> . NEG expression
    (3) expression -> . expression AND expression
    (4) expression -> . expression OR expression
    (5) expression -> . expression IMPLI expression
    (6) expression -> . expression EQUIV expression
    (7) expression -> . TRUE
    (8) expression -> . FALSE
    (9) expression -> . ( expression )

    VAR             shift and go to state 2
    NEG             shift and go to state 3
    TRUE            shift and go to state 4
    FALSE           shift and go to state 5
    (               shift and go to state 6

    expression                     shift and go to state 11

state 4

    (7) expression -> TRUE .

    AND             reduce using rule 7 (expression -> TRUE .)
    OR              reduce using rule 7 (expression -> TRUE .)
    IMPLI           reduce using rule 7 (expression -> TRUE .)
    EQUIV           reduce using rule 7 (expression -> TRUE .)
    $end            reduce using rule 7 (expression -> TRUE .)
    )               reduce using rule 7 (expression -> TRUE .)


state 5

    (8) expression -> FALSE .

    AND             reduce using rule 8 (expression -> FALSE .)
    OR              reduce using rule 8 (expression -> FALSE .)
    IMPLI           reduce using rule 8 (expression -> FALSE .)
    EQUIV           reduce using rule 8 (expression -> FALSE .)
    $end            reduce using rule 8 (expression -> FALSE .)
    )               reduce using rule 8 (expression -> FALSE .)


state 6

    (9) expression -> ( . expression )
    (1) expression -> . VAR
    (2) expression -> . NEG expression
    (3) expression -> . expression AND expression
    (4) expression -> . expression OR expression
    (5) expression -> . expression IMPLI expression
    (6) expression -> . expression EQUIV expression
    (7) expression -> . TRUE
    (8) expression -> . FALSE
    (9) expression -> . ( expression )

    VAR             shift and go to state 2
    NEG             shift and go to state 3
    TRUE            shift and go to state 4
    FALSE           shift and go to state 5
    (               shift and go to state 6

    expression                     shift and go to state 12

state 7

    (3) expression -> expression AND . expression
    (1) expression -> . VAR
    (2) expression -> . NEG expression
    (3) expression -> . expression AND expression
    (4) expression -> . expression OR expression
    (5) expression -> . expression IMPLI expression
    (6) expression -> . expression EQUIV expression
    (7) expression -> . TRUE
    (8) expression -> . FALSE
    (9) expression -> . ( expression )

    VAR             shift and go to state 2
    NEG             shift and go to state 3
    TRUE            shift and go to state 4
    FALSE           shift and go to state 5
    (               shift and go to state 6

    expression                     shift and go to state 13

state 8

    (4) expression -> expression OR . expression
    (1) expression -> . VAR
    (2) expression -> . NEG expression
    (3) expression -> . expression AND expression
    (4) expression -> . expression OR expression
    (5) expression -> . expression IMPLI expression
    (6) expression -> . expression EQUIV expression
    (7) expression -> . TRUE
    (8) expression -> . FALSE
    (9) expression -> . ( expression )

    VAR             shift and go to state 2
    NEG             shift and go to state 3
    TRUE            shift and go to state 4
    FALSE           shift and go to state 5
    (               shift and go to state 6

    expression                     shift and go to state 14

state 9

    (5) expression -> expression IMPLI . expression
    (1) expression -> . VAR
    (2) expression -> . NEG expression
    (3) expression -> . expression AND expression
    (4) expression -> . expression OR expression
    (5) expression -> . expression IMPLI expression
    (6) expression -> . expression EQUIV expression
    (7) expression -> . TRUE
    (8) expression -> . FALSE
    (9) expression -> . ( expression )

    VAR             shift and go to state 2
    NEG             shift and go to state 3
    TRUE            shift and go to state 4
    FALSE           shift and go to state 5
    (               shift and go to state 6

    expression                     shift and go to state 15

state 10

    (6) expression -> expression EQUIV . expression
    (1) expression -> . VAR
    (2) expression -> . NEG expression
    (3) expression -> . expression AND expression
    (4) expression -> . expression OR expression
    (5) expression -> . expression IMPLI expression
    (6) expression -> . expression EQUIV expression
    (7) expression -> . TRUE
    (8) expression -> . FALSE
    (9) expression -> . ( expression )

    VAR             shift and go to state 2
    NEG             shift and go to state 3
    TRUE            shift and go to state 4
    FALSE           shift and go to state 5
    (               shift and go to state 6

    expression                     shift and go to state 16

state 11

    (2) expression -> NEG expression .
    (3) expression -> expression . AND expression
    (4) expression -> expression . OR expression
    (5) expression -> expression . IMPLI expression
    (6) expression -> expression . EQUIV expression

    AND             reduce using rule 2 (expression -> NEG expression .)
    OR              reduce using rule 2 (expression -> NEG expression .)
    IMPLI           reduce using rule 2 (expression -> NEG expression .)
    EQUIV           reduce using rule 2 (expression -> NEG expression .)
    $end            reduce using rule 2 (expression -> NEG expression .)
    )               reduce using rule 2 (expression -> NEG expression .)

  ! AND             [ shift and go to state 7 ]
  ! OR              [ shift and go to state 8 ]
  ! IMPLI           [ shift and go to state 9 ]
  ! EQUIV           [ shift and go to state 10 ]


state 12

    (9) expression -> ( expression . )
    (3) expression -> expression . AND expression
    (4) expression -> expression . OR expression
    (5) expression -> expression . IMPLI expression
    (6) expression -> expression . EQUIV expression

    )               shift and go to state 17
    AND             shift and go to state 7
    OR              shift and go to state 8
    IMPLI           shift and go to state 9
    EQUIV           shift and go to state 10


state 13

    (3) expression -> expression AND expression .
    (3) expression -> expression . AND expression
    (4) expression -> expression . OR expression
    (5) expression -> expression . IMPLI expression
    (6) expression -> expression . EQUIV expression

    AND             reduce using rule 3 (expression -> expression AND expression .)
    OR              reduce using rule 3 (expression -> expression AND expression .)
    IMPLI           reduce using rule 3 (expression -> expression AND expression .)
    EQUIV           reduce using rule 3 (expression -> expression AND expression .)
    $end            reduce using rule 3 (expression -> expression AND expression .)
    )               reduce using rule 3 (expression -> expression AND expression .)

  ! AND             [ shift and go to state 7 ]
  ! OR              [ shift and go to state 8 ]
  ! IMPLI           [ shift and go to state 9 ]
  ! EQUIV           [ shift and go to state 10 ]


state 14

    (4) expression -> expression OR expression .
    (3) expression -> expression . AND expression
    (4) expression -> expression . OR expression
    (5) expression -> expression . IMPLI expression
    (6) expression -> expression . EQUIV expression

    OR              reduce using rule 4 (expression -> expression OR expression .)
    IMPLI           reduce using rule 4 (expression -> expression OR expression .)
    EQUIV           reduce using rule 4 (expression -> expression OR expression .)
    $end            reduce using rule 4 (expression -> expression OR expression .)
    )               reduce using rule 4 (expression -> expression OR expression .)
    AND             shift and go to state 7

  ! AND             [ reduce using rule 4 (expression -> expression OR expression .) ]
  ! OR              [ shift and go to state 8 ]
  ! IMPLI           [ shift and go to state 9 ]
  ! EQUIV           [ shift and go to state 10 ]


state 15

    (5) expression -> expression IMPLI expression .
    (3) expression -> expression . AND expression
    (4) expression -> expression . OR expression
    (5) expression -> expression . IMPLI expression
    (6) expression -> expression . EQUIV expression

    $end            reduce using rule 5 (expression -> expression IMPLI expression .)
    )               reduce using rule 5 (expression -> expression IMPLI expression .)
    AND             shift and go to state 7
    OR              shift and go to state 8
    IMPLI           shift and go to state 9
    EQUIV           shift and go to state 10

  ! AND             [ reduce using rule 5 (expression -> expression IMPLI expression .) ]
  ! OR              [ reduce using rule 5 (expression -> expression IMPLI expression .) ]
  ! IMPLI           [ reduce using rule 5 (expression -> expression IMPLI expression .) ]
  ! EQUIV           [ reduce using rule 5 (expression -> expression IMPLI expression .) ]


state 16

    (6) expression -> expression EQUIV expression .
    (3) expression -> expression . AND expression
    (4) expression -> expression . OR expression
    (5) expression -> expression . IMPLI expression
    (6) expression -> expression . EQUIV expression

    $end            reduce using rule 6 (expression -> expression EQUIV expression .)
    )               reduce using rule 6 (expression -> expression EQUIV expression .)
    AND             shift and go to state 7
    OR              shift and go to state 8
    IMPLI           shift and go to state 9
    EQUIV           shift and go to state 10

  ! AND             [ reduce using rule 6 (expression -> expression EQUIV expression .) ]
  ! OR              [ reduce using rule 6 (expression -> expression EQUIV expression .) ]
  ! IMPLI           [ reduce using rule 6 (expression -> expression EQUIV expression .) ]
  ! EQUIV           [ reduce using rule 6 (expression -> expression EQUIV expression .) ]


state 17

    (9) expression -> ( expression ) .

    AND             reduce using rule 9 (expression -> ( expression ) .)
    OR              reduce using rule 9 (expression -> ( expression ) .)
    IMPLI           reduce using rule 9 (expression -> ( expression ) .)
    EQUIV           reduce using rule 9 (expression -> ( expression ) .)
    $end            reduce using rule 9 (expression -> ( expression ) .)
    )               reduce using rule 9 (expression -> ( expression ) .)

